;  LST file generated by mikroListExporter - v.2.0 
; Date/Time: 10/10/2019 12:27:23 PM
;----------------------------------------------

;Address Opcode 	ASM
0x0000	0x2870      	GOTO       112
_____DoICP:
;__Lib_System.c,6 :: 		
;__Lib_System.c,9 :: 		
0x0003	0x1283      	BCF        STATUS, 5
0x0004	0x1303      	BCF        STATUS, 6
0x0005	0x0821      	MOVF       ___DoICPAddr+1, 0
0x0006	0x008A      	MOVWF      PCLATH
;__Lib_System.c,10 :: 		
0x0007	0x0820      	MOVF       ___DoICPAddr, 0
0x0008	0x0082      	MOVWF      PCL
;__Lib_System.c,12 :: 		
L_end_____DoICP:
0x0009	0x0008      	RETURN
; end of _____DoICP
_Port_Direction:
;GPIO_PIC.c,41 :: 		void Port_Direction(char base, char state)
;GPIO_PIC.c,43 :: 		if(state==output)
0x000A	0x1283      	BCF        STATUS, 5
0x000B	0x1303      	BCF        STATUS, 6
0x000C	0x0823      	MOVF       FARG_Port_Direction_state, 0
0x000D	0x3A00      	XORLW      0
0x000E	0x1D03      	BTFSS      STATUS, 2
0x000F	0x2815      	GOTO       L_Port_Direction4
;GPIO_PIC.c,44 :: 		(*(volatile unsigned char*)(base|0x80))=0x00;// TRISA=0X00
0x0010	0x3080      	MOVLW      128
0x0011	0x0422      	IORWF      FARG_Port_Direction_base, 0
0x0012	0x0084      	MOVWF      FSR
0x0013	0x0180      	CLRF       INDF
0x0014	0x281A      	GOTO       L_Port_Direction5
L_Port_Direction4:
;GPIO_PIC.c,46 :: 		(*(volatile unsigned char*)(base|0x80))=0xff;
0x0015	0x3080      	MOVLW      128
0x0016	0x0422      	IORWF      FARG_Port_Direction_base, 0
0x0017	0x0084      	MOVWF      FSR
0x0018	0x30FF      	MOVLW      255
0x0019	0x0080      	MOVWF      INDF
L_Port_Direction5:
;GPIO_PIC.c,47 :: 		}
L_end_Port_Direction:
0x001A	0x0008      	RETURN
; end of _Port_Direction
_Pin_Read:
;GPIO_PIC.c,93 :: 		char Pin_Read (char base, char pin)
;GPIO_PIC.c,96 :: 		result= (*(volatile unsigned char*)(base)&(1<<pin));
0x001B	0x1283      	BCF        STATUS, 5
0x001C	0x1303      	BCF        STATUS, 6
0x001D	0x0822      	MOVF       FARG_Pin_Read_base, 0
0x001E	0x0084      	MOVWF      FSR
0x001F	0x0800      	MOVF       INDF, 0
0x0020	0x00F2      	MOVWF      R2
0x0021	0x0823      	MOVF       FARG_Pin_Read_pin, 0
0x0022	0x00F1      	MOVWF      R1
0x0023	0x3001      	MOVLW      1
0x0024	0x00F0      	MOVWF      R0
0x0025	0x0871      	MOVF       R1, 0
L__Pin_Read34:
0x0026	0x1903      	BTFSC      STATUS, 2
0x0027	0x282C      	GOTO       L__Pin_Read35
0x0028	0x0DF0      	RLF        R0, 1
0x0029	0x1070      	BCF        R0, 0
0x002A	0x3EFF      	ADDLW      255
0x002B	0x2826      	GOTO       L__Pin_Read34
L__Pin_Read35:
0x002C	0x0870      	MOVF       R0, 0
0x002D	0x0572      	ANDWF      R2, 0
0x002E	0x00F3      	MOVWF      R3
;GPIO_PIC.c,97 :: 		return result;
0x002F	0x0873      	MOVF       R3, 0
0x0030	0x00F0      	MOVWF      R0
;GPIO_PIC.c,98 :: 		}
L_end_Pin_Read:
0x0031	0x0008      	RETURN
; end of _Pin_Read
_Pin_Reset:
;GPIO_PIC.c,57 :: 		void Pin_Reset (char base , char pin )
;GPIO_PIC.c,59 :: 		(*(volatile unsigned char*)(base))&=~(1<<pin);
0x0032	0x1283      	BCF        STATUS, 5
0x0033	0x1303      	BCF        STATUS, 6
0x0034	0x0823      	MOVF       FARG_Pin_Reset_pin, 0
0x0035	0x00F1      	MOVWF      R1
0x0036	0x3001      	MOVLW      1
0x0037	0x00F0      	MOVWF      R0
0x0038	0x0871      	MOVF       R1, 0
L__Pin_Reset18:
0x0039	0x1903      	BTFSC      STATUS, 2
0x003A	0x283F      	GOTO       L__Pin_Reset19
0x003B	0x0DF0      	RLF        R0, 1
0x003C	0x1070      	BCF        R0, 0
0x003D	0x3EFF      	ADDLW      255
0x003E	0x2839      	GOTO       L__Pin_Reset18
L__Pin_Reset19:
0x003F	0x0970      	COMF       R0, 0
0x0040	0x00F1      	MOVWF      R1
0x0041	0x0822      	MOVF       FARG_Pin_Reset_base, 0
0x0042	0x0084      	MOVWF      FSR
0x0043	0x0800      	MOVF       INDF, 0
0x0044	0x00F0      	MOVWF      R0
0x0045	0x0871      	MOVF       R1, 0
0x0046	0x05F0      	ANDWF      R0, 1
0x0047	0x0822      	MOVF       FARG_Pin_Reset_base, 0
0x0048	0x0084      	MOVWF      FSR
0x0049	0x0870      	MOVF       R0, 0
0x004A	0x0080      	MOVWF      INDF
;GPIO_PIC.c,60 :: 		}
L_end_Pin_Reset:
0x004B	0x0008      	RETURN
; end of _Pin_Reset
_Pin_Set:
;GPIO_PIC.c,62 :: 		void Pin_Set (char base , char pin )
;GPIO_PIC.c,64 :: 		(*(volatile unsigned char*)(base))|=(1<<pin);
0x004C	0x1283      	BCF        STATUS, 5
0x004D	0x1303      	BCF        STATUS, 6
0x004E	0x0823      	MOVF       FARG_Pin_Set_pin, 0
0x004F	0x00F0      	MOVWF      R0
0x0050	0x3001      	MOVLW      1
0x0051	0x00F1      	MOVWF      R1
0x0052	0x0870      	MOVF       R0, 0
L__Pin_Set21:
0x0053	0x1903      	BTFSC      STATUS, 2
0x0054	0x2859      	GOTO       L__Pin_Set22
0x0055	0x0DF1      	RLF        R1, 1
0x0056	0x1071      	BCF        R1, 0
0x0057	0x3EFF      	ADDLW      255
0x0058	0x2853      	GOTO       L__Pin_Set21
L__Pin_Set22:
0x0059	0x0822      	MOVF       FARG_Pin_Set_base, 0
0x005A	0x0084      	MOVWF      FSR
0x005B	0x0800      	MOVF       INDF, 0
0x005C	0x00F0      	MOVWF      R0
0x005D	0x0871      	MOVF       R1, 0
0x005E	0x04F0      	IORWF      R0, 1
0x005F	0x0822      	MOVF       FARG_Pin_Set_base, 0
0x0060	0x0084      	MOVWF      FSR
0x0061	0x0870      	MOVF       R0, 0
0x0062	0x0080      	MOVWF      INDF
;GPIO_PIC.c,65 :: 		}
L_end_Pin_Set:
0x0063	0x0008      	RETURN
; end of _Pin_Set
___CC2DW:
;__Lib_System.c,134 :: 		
;__Lib_System.c,137 :: 		
_CC2D_Loop1:
;__Lib_System.c,139 :: 		
0x0064	0x2003      	CALL       _____DoICP
0x0065	0x118A      	BCF        PCLATH, 3
0x0066	0x120A      	BCF        PCLATH, 4
;__Lib_System.c,141 :: 		
0x0067	0x0080      	MOVWF      INDF
;__Lib_System.c,142 :: 		
0x0068	0x0A84      	INCF       FSR, 1
;__Lib_System.c,143 :: 		
0x0069	0x0AA0      	INCF       ___DoICPAddr, 1
;__Lib_System.c,145 :: 		
0x006A	0x1903      	BTFSC      STATUS, 2
;__Lib_System.c,146 :: 		
0x006B	0x0AA1      	INCF       ___DoICPAddr+1, 1
;__Lib_System.c,147 :: 		
0x006C	0x03F0      	DECF       R0, 1
;__Lib_System.c,149 :: 		
0x006D	0x1D03      	BTFSS      STATUS, 2
;__Lib_System.c,150 :: 		
0x006E	0x2864      	GOTO       _CC2D_Loop1
;__Lib_System.c,152 :: 		
L_end___CC2DW:
0x006F	0x0008      	RETURN
; end of ___CC2DW
_main:
;GPIO_PIC.c,24 :: 		void main()
;GPIO_PIC.c,26 :: 		Port_Direction(C,output);
0x0070	0x3007      	MOVLW      7
0x0071	0x1283      	BCF        STATUS, 5
0x0072	0x1303      	BCF        STATUS, 6
0x0073	0x00A2      	MOVWF      FARG_Port_Direction_base
0x0074	0x01A3      	CLRF       FARG_Port_Direction_state
0x0075	0x200A      	CALL       _Port_Direction
;GPIO_PIC.c,27 :: 		Port_Direction(B,input);
0x0076	0x3006      	MOVLW      6
0x0077	0x00A2      	MOVWF      FARG_Port_Direction_base
0x0078	0x3001      	MOVLW      1
0x0079	0x00A3      	MOVWF      FARG_Port_Direction_state
0x007A	0x200A      	CALL       _Port_Direction
;GPIO_PIC.c,28 :: 		while(1)
L_main0:
;GPIO_PIC.c,30 :: 		if(Pin_Read(B,3))
0x007B	0x3006      	MOVLW      6
0x007C	0x00A2      	MOVWF      FARG_Pin_Read_base
0x007D	0x3003      	MOVLW      3
0x007E	0x00A3      	MOVWF      FARG_Pin_Read_pin
0x007F	0x201B      	CALL       _Pin_Read
0x0080	0x0870      	MOVF       R0, 0
0x0081	0x1903      	BTFSC      STATUS, 2
0x0082	0x2889      	GOTO       L_main2
;GPIO_PIC.c,31 :: 		Pin_Reset(C,4);
0x0083	0x3007      	MOVLW      7
0x0084	0x00A2      	MOVWF      FARG_Pin_Reset_base
0x0085	0x3004      	MOVLW      4
0x0086	0x00A3      	MOVWF      FARG_Pin_Reset_pin
0x0087	0x2032      	CALL       _Pin_Reset
0x0088	0x288E      	GOTO       L_main3
L_main2:
;GPIO_PIC.c,33 :: 		Pin_Set(C,4);
0x0089	0x3007      	MOVLW      7
0x008A	0x00A2      	MOVWF      FARG_Pin_Set_base
0x008B	0x3004      	MOVLW      4
0x008C	0x00A3      	MOVWF      FARG_Pin_Set_pin
0x008D	0x204C      	CALL       _Pin_Set
L_main3:
;GPIO_PIC.c,36 :: 		}
0x008E	0x287B      	GOTO       L_main0
;GPIO_PIC.c,38 :: 		}
L_end_main:
0x008F	0x288F      	GOTO       $+0
; end of _main
Symbol List:
//** Routines locations **
//ADDRESS    SIZE    PROCEDURE
//----------------------------------------------
0x0003       [7]    _____DoICP
0x000A      [17]    _Port_Direction
0x001B      [23]    _Pin_Read
0x0032      [26]    _Pin_Reset
0x004C      [24]    _Pin_Set
0x0064      [12]    ___CC2DW
0x0070      [32]    _main
//** Variables locations ** 
//ADDRESS    SIZE    VARIABLE
//----------------------------------------------
0x0000       [1]    INDF
0x0002       [1]    PCL
0x0003       [1]    STATUS
0x0004       [1]    FSR
0x000A       [1]    PCLATH
0x0020       [2]    ___DoICPAddr
0x0022       [1]    FARG_Pin_Reset_base
0x0022       [1]    FARG_Pin_Read_base
0x0022       [1]    FARG_Pin_Set_base
0x0022       [1]    FARG_Port_Direction_base
0x0023       [1]    FARG_Pin_Read_pin
0x0023       [1]    FARG_Pin_Set_pin
0x0023       [1]    FARG_Port_Direction_state
0x0023       [1]    FARG_Pin_Reset_pin
0x0070       [1]    R0
0x0071       [1]    R1
0x0072       [1]    R2
0x0073       [1]    R3
0x0074       [1]    R4
0x0075       [1]    R5
0x0076       [1]    R6
0x0077       [1]    R7
0x0078       [1]    R8
0x0079       [1]    R9
0x007A       [1]    R10
0x007B       [1]    R11
0x007C       [1]    R12
0x007D       [1]    R13
0x007E       [1]    R14
0x007F       [1]    R15
//** Label List: ** 
//----------------------------------------------
  L_main0
  L_main1
  L_main2
  L_main3
  L_Port_Direction4
  L_Port_Direction5
  L_Pin_Direction6
  L_Pin_Direction7
  L_Pin_Write8
  L_Pin_Write9
  L_end_main
  _main
  L_end_Port_Direction
  _Port_Direction
  L_end_Pin_Direction
  _Pin_Direction
  L__Pin_Direction13
  L__Pin_Direction14
  L__Pin_Direction15
  L__Pin_Direction16
  L_end_Pin_Reset
  _Pin_Reset
  L__Pin_Reset18
  L__Pin_Reset19
  L_end_Pin_Set
  _Pin_Set
  L__Pin_Set21
  L__Pin_Set22
  L_end_Pin_Toggle
  _Pin_Toggle
  L__Pin_Toggle24
  L__Pin_Toggle25
  L_end_Port_Write
  _Port_Write
  L_end_Port_Read
  _Port_Read
  L_end_Pin_Write
  _Pin_Write
  L__Pin_Write29
  L__Pin_Write30
  L__Pin_Write31
  L__Pin_Write32
  L_end_Pin_Read
  _Pin_Read
  L__Pin_Read34
  L__Pin_Read35
  L_loopCA2AWs
  L_CA2AWend
  _CCA2AW_Loop1
  L_loopCS2Ss
  L_CS2Send
  _CCS2S_Loop1
  L_CCS2Send
  L_loopFZinSWs
  L_FZinSend
  _CC2D_Loop1
  L_end_____DoICP
  _____DoICP
  L_end_____DoIFC
  _____DoIFC
  L_end___CA2AW
  ___CA2AW
  L_end___CCA2AW
  ___CCA2AW
  L_end___CS2S
  ___CS2S
  L_end___CCS2S
  ___CCS2S
  L_end___FZinS
  ___FZinS
  L_end___CC2DW
  ___CC2DW
  L_end_Swap
  _Swap
